-1.37561826696212 
-1.37544574182139 
-1.37435001936215 
-1.37452233362529 
-1.37440077516835 
-1.37436167380229 
-1.37412047405635 
-1.37409691973735 
-1.37435630843179 
-1.37450725428621 
-1.3749333697174 
-1.37482229649359 
-1.37495716960199 
-1.3750143306951 
-1.37517716491161 
-1.37438109011809 
-1.37435775796607 
-1.37445330740059 
-1.37493581271728 
-1.37499973070109 
-1.37513899889544 
-1.3745381261114 
-1.37463242497968 
-1.37429531282729 
-1.37421407140846 
-1.37397439103746 
-1.37442319523611 
-1.37431523170306 
-1.37399408772869 
-1.37341737763622 
-1.37388033773573 
-1.37395588673264 
-1.37410199306656 
-1.37430794913399 
-1.37425761446079 
-1.37431039217195 
-1.37425299712495 
-1.3748329691229 
-1.3744187768462 
-1.37406796507833 
-1.37348012653111 
-1.37308378446158 
-1.37283649440083 
-1.37366513526875 
-1.37422357483219 
-1.37368679576563 
-1.37317085911466 
-1.37347377917636 
-1.37330752031904 
-1.37361061579185 
-1.37350202084009 
-1.37329315399175 
-1.37350324822487 
-1.37396588112855 
-1.37392162493736 
-1.37401424040018 
-1.37396174308154 
-1.37435068595947 
-1.37406531150645 
-1.37451770466321 
-1.37447250151983 
-1.37409983043099 
-1.37422186819413 
-1.37399504630403 
-1.37461347631402 
-1.37464872001556 
-1.37496497791819 
-1.37496065243058 
-1.37585082916589 
-1.37602753852091 
-1.37562679997097 
-1.37500144891521 
-1.3750633916391 
-1.37574224508252 
-1.37617529347981 
-1.37591481642678 
-1.37600006837496 
-1.37625135690483 
-1.37599714608601 
-1.37634832108698 
-1.37675775731261 
-1.37698494277692 
-1.37722788635452 
-1.37757915742974 
-1.37715424289201 
-1.37718782583359 
-1.37704152063487 
-1.37751357878854 
-1.37740083360928 
-1.37724688096509 
-1.3769586883863 
-1.37724539691222 
-1.37713751450448 
-1.37763921712945 
-1.377070486267 
-1.37698490833729 
-1.37703960306928 
-1.37619424221207 
-1.3762975072856 
-1.37607664576564 
-1.37588194641617 
-1.37516234264571 
-1.37527172084534 
-1.37538983123953 
-1.37546543845626 
-1.3751100559699 
-1.37513754932614 
-1.37552956720488 
-1.37581246391667 
-1.37570017499166 
-1.37625230411203 
-1.37596459077748 
-1.3756255958319 
-1.37657914213805 
-1.37645032441859 
-1.37636406755486 
-1.37614805725827 
-1.37648826794282 
-1.37658816589113 
-1.37702258336124 
-1.37646398855766 
-1.37665008583553 
-1.37681363329157 
-1.37627444361547 
-1.37689037556928 
-1.37646297226157 
-1.37637867894126 
-1.37608004741072 
-1.37651721070412 
-1.37625185931528 
-1.37591674538335 
-1.37614199030237 
-1.37595168591864 
-1.37575533765571 
-1.37605041439092 
-1.3765043289351 
-1.37666635775231 
-1.3769847317819 
-1.3771999598243 
-1.37688067298667 
-1.37685634761281 
-1.37642266641185 
-1.37647517525954 
-1.37660831882484 
-1.37672517899425 
-1.37674535492895 
-1.37641174817499 
-1.37649530516762 
-1.37640735324799 
-1.37706971554146 
-1.37768776466459 
-1.37781777487803 
-1.37734815965265 
-1.37779928267806 
-1.37820155558945 
-1.37886800409122 
-1.37864437994761 
-1.3788042001386 
-1.37843400317431 
-1.37902618599529 
-1.37923020474002 
-1.37971463731195 
-1.38017361993785 
-1.37989947320172 
-1.37961460813666 
-1.37960660051817 
-1.37940744449399 
-1.37890858972915 
-1.37882139688444 
-1.37863633821514 
-1.37869344124839 
-1.37789794179489 
-1.37866373984718 
-1.37805824137156 
-1.37714264565014 
-1.37764794950613 
-1.37750850494292 
-1.37695068088194 
-1.37737394606752 
-1.3774769313224 
-1.37726891714795 
-1.37655873225984 
-1.37705732464959 
-1.37683716491325 
-1.37740184969373 
-1.37805461714122 
-1.37799800488648 
-1.37826494830868 
-1.37862422690132 
-1.37889329940274 
-1.37856831677298 
-1.37834025248189 
-1.37880368656878 
-1.37906134990388 
-1.37928263363453 
-1.37988829803206 
-1.38029454968709 
-1.38013739511657 
-1.38051961260226 
-1.38000172225811 
